
2018-07-18 05:58:52 Error: [BadMethodCallException] Unknown method "emailCheck"
Request URL: /api/Users/register.json
Stack Trace:
#0 E:\xampp\htdocs\RandhirProject\demo\src\Controller\Api\UsersController.php(79): Cake\ORM\Table->__call('emailCheck', Array)
#1 [internal function]: App\Controller\Api\UsersController->register()
#2 E:\xampp\htdocs\RandhirProject\demo\vendor\cakephp\cakephp\src\Controller\Controller.php(435): call_user_func_array(Array, Array)
#3 E:\xampp\htdocs\RandhirProject\demo\vendor\cakephp\cakephp\src\Http\ActionDispatcher.php(122): Cake\Controller\Controller->invokeAction()
#4 E:\xampp\htdocs\RandhirProject\demo\vendor\cakephp\cakephp\src\Http\ActionDispatcher.php(96): Cake\Http\ActionDispatcher->_invoke(Object(App\Controller\Api\UsersController))
#5 E:\xampp\htdocs\RandhirProject\demo\vendor\cakephp\cakephp\src\Http\BaseApplication.php(83): Cake\Http\ActionDispatcher->dispatch(Object(Cake\Network\Request), Object(Cake\Network\Response))
#6 E:\xampp\htdocs\RandhirProject\demo\vendor\cakephp\cakephp\src\Http\Runner.php(65): Cake\Http\BaseApplication->__invoke(Object(Zend\Diactoros\ServerRequest), Object(Zend\Diactoros\Response), Object(Cake\Http\Runner))
#7 E:\xampp\htdocs\RandhirProject\demo\vendor\cakephp\cakephp\src\Routing\Middleware\RoutingMiddleware.php(62): Cake\Http\Runner->__invoke(Object(Zend\Diactoros\ServerRequest), Object(Zend\Diactoros\Response))
#8 E:\xampp\htdocs\RandhirProject\demo\vendor\cakephp\cakephp\src\Http\Runner.php(65): Cake\Routing\Middleware\RoutingMiddleware->__invoke(Object(Zend\Diactoros\ServerRequest), Object(Zend\Diactoros\Response), Object(Cake\Http\Runner))
#9 E:\xampp\htdocs\RandhirProject\demo\vendor\cakephp\cakephp\src\Routing\Middleware\AssetMiddleware.php(93): Cake\Http\Runner->__invoke(Object(Zend\Diactoros\ServerRequest), Object(Zend\Diactoros\Response))
#10 E:\xampp\htdocs\RandhirProject\demo\vendor\cakephp\cakephp\src\Http\Runner.php(65): Cake\Routing\Middleware\AssetMiddleware->__invoke(Object(Zend\Diactoros\ServerRequest), Object(Zend\Diactoros\Response), Object(Cake\Http\Runner))
#11 E:\xampp\htdocs\RandhirProject\demo\vendor\cakephp\cakephp\src\Error\Middleware\ErrorHandlerMiddleware.php(81): Cake\Http\Runner->__invoke(Object(Zend\Diactoros\ServerRequest), Object(Zend\Diactoros\Response))
#12 E:\xampp\htdocs\RandhirProject\demo\vendor\cakephp\cakephp\src\Http\Runner.php(65): Cake\Error\Middleware\ErrorHandlerMiddleware->__invoke(Object(Zend\Diactoros\ServerRequest), Object(Zend\Diactoros\Response), Object(Cake\Http\Runner))
#13 E:\xampp\htdocs\RandhirProject\demo\vendor\cakephp\cakephp\src\Http\Runner.php(51): Cake\Http\Runner->__invoke(Object(Zend\Diactoros\ServerRequest), Object(Zend\Diactoros\Response))
#14 E:\xampp\htdocs\RandhirProject\demo\vendor\cakephp\cakephp\src\Http\Server.php(92): Cake\Http\Runner->run(Object(Cake\Http\MiddlewareQueue), Object(Zend\Diactoros\ServerRequest), Object(Zend\Diactoros\Response))
#15 E:\xampp\htdocs\RandhirProject\demo\webroot\index.php(37): Cake\Http\Server->run()
#16 {main}
2018-07-18 06:14:49 Error: [ParseError] syntax error, unexpected 'return' (T_RETURN)
Request URL: /RandhirProject/demo/api/Users/login.json
Client IP: 192.168.1.13
Stack Trace:
#0 E:\xampp\htdocs\RandhirProject\demo\vendor\composer\ClassLoader.php(322): Composer\Autoload\includeFile('E:\\xampp\\htdocs...')
#1 [internal function]: Composer\Autoload\ClassLoader->loadClass('App\\Model\\Table...')
#2 [internal function]: spl_autoload_call('App\\Model\\Table...')
#3 E:\xampp\htdocs\RandhirProject\demo\vendor\cakephp\cakephp\src\Core\App.php(152): class_exists('App\\Model\\Table...')
#4 E:\xampp\htdocs\RandhirProject\demo\vendor\cakephp\cakephp\src\Core\App.php(64): Cake\Core\App::_classExistsInBase('\\Model\\Table\\Us...', 'App')
#5 E:\xampp\htdocs\RandhirProject\demo\vendor\cakephp\cakephp\src\ORM\Locator\TableLocator.php(201): Cake\Core\App::className('Users', 'Model/Table', 'Table')
#6 E:\xampp\htdocs\RandhirProject\demo\vendor\cakephp\cakephp\src\ORM\Locator\TableLocator.php(156): Cake\ORM\Locator\TableLocator->_getClassName('Users', Array)
#7 E:\xampp\htdocs\RandhirProject\demo\vendor\cakephp\cakephp\src\ORM\TableRegistry.php(110): Cake\ORM\Locator\TableLocator->get('Users', Array)
#8 E:\xampp\htdocs\RandhirProject\demo\vendor\cakephp\cakephp\src\Auth\BaseAuthenticate.php(136): Cake\ORM\TableRegistry::get('Users')
#9 E:\xampp\htdocs\RandhirProject\demo\vendor\cakephp\cakephp\src\Auth\BaseAuthenticate.php(107): Cake\Auth\BaseAuthenticate->_query('randhirjha2212@...')
#10 E:\xampp\htdocs\RandhirProject\demo\vendor\cakephp\cakephp\src\Auth\FormAuthenticate.php(78): Cake\Auth\BaseAuthenticate->_findUser('randhirjha2212@...', '123456')
#11 E:\xampp\htdocs\RandhirProject\demo\vendor\cakephp\cakephp\src\Controller\Component\AuthComponent.php(788): Cake\Auth\FormAuthenticate->authenticate(Object(Cake\Network\Request), Object(Cake\Network\Response))
#12 E:\xampp\htdocs\RandhirProject\demo\src\Controller\Api\UsersController.php(21): Cake\Controller\Component\AuthComponent->identify()
#13 [internal function]: App\Controller\Api\UsersController->login()
#14 E:\xampp\htdocs\RandhirProject\demo\vendor\cakephp\cakephp\src\Controller\Controller.php(435): call_user_func_array(Array, Array)
#15 E:\xampp\htdocs\RandhirProject\demo\vendor\cakephp\cakephp\src\Http\ActionDispatcher.php(122): Cake\Controller\Controller->invokeAction()
#16 E:\xampp\htdocs\RandhirProject\demo\vendor\cakephp\cakephp\src\Http\ActionDispatcher.php(96): Cake\Http\ActionDispatcher->_invoke(Object(App\Controller\Api\UsersController))
#17 E:\xampp\htdocs\RandhirProject\demo\vendor\cakephp\cakephp\src\Http\BaseApplication.php(83): Cake\Http\ActionDispatcher->dispatch(Object(Cake\Network\Request), Object(Cake\Network\Response))
#18 E:\xampp\htdocs\RandhirProject\demo\vendor\cakephp\cakephp\src\Http\Runner.php(65): Cake\Http\BaseApplication->__invoke(Object(Zend\Diactoros\ServerRequest), Object(Zend\Diactoros\Response), Object(Cake\Http\Runner))
#19 E:\xampp\htdocs\RandhirProject\demo\vendor\cakephp\cakephp\src\Routing\Middleware\RoutingMiddleware.php(62): Cake\Http\Runner->__invoke(Object(Zend\Diactoros\ServerRequest), Object(Zend\Diactoros\Response))
#20 E:\xampp\htdocs\RandhirProject\demo\vendor\cakephp\cakephp\src\Http\Runner.php(65): Cake\Routing\Middleware\RoutingMiddleware->__invoke(Object(Zend\Diactoros\ServerRequest), Object(Zend\Diactoros\Response), Object(Cake\Http\Runner))
#21 E:\xampp\htdocs\RandhirProject\demo\vendor\cakephp\cakephp\src\Routing\Middleware\AssetMiddleware.php(93): Cake\Http\Runner->__invoke(Object(Zend\Diactoros\ServerRequest), Object(Zend\Diactoros\Response))
#22 E:\xampp\htdocs\RandhirProject\demo\vendor\cakephp\cakephp\src\Http\Runner.php(65): Cake\Routing\Middleware\AssetMiddleware->__invoke(Object(Zend\Diactoros\ServerRequest), Object(Zend\Diactoros\Response), Object(Cake\Http\Runner))
#23 E:\xampp\htdocs\RandhirProject\demo\vendor\cakephp\cakephp\src\Error\Middleware\ErrorHandlerMiddleware.php(81): Cake\Http\Runner->__invoke(Object(Zend\Diactoros\ServerRequest), Object(Zend\Diactoros\Response))
#24 E:\xampp\htdocs\RandhirProject\demo\vendor\cakephp\cakephp\src\Http\Runner.php(65): Cake\Error\Middleware\ErrorHandlerMiddleware->__invoke(Object(Zend\Diactoros\ServerRequest), Object(Zend\Diactoros\Response), Object(Cake\Http\Runner))
#25 E:\xampp\htdocs\RandhirProject\demo\vendor\cakephp\cakephp\src\Http\Runner.php(51): Cake\Http\Runner->__invoke(Object(Zend\Diactoros\ServerRequest), Object(Zend\Diactoros\Response))
#26 E:\xampp\htdocs\RandhirProject\demo\vendor\cakephp\cakephp\src\Http\Server.php(92): Cake\Http\Runner->run(Object(Cake\Http\MiddlewareQueue), Object(Zend\Diactoros\ServerRequest), Object(Zend\Diactoros\Response))
#27 E:\xampp\htdocs\RandhirProject\demo\webroot\index.php(37): Cake\Http\Server->run()
#28 {main}


2018-07-18 06:53:01 Warning: Headers already sent in E:\xampp\htdocs\RandhirProject\demo\vendor\cakephp\cakephp\src\Error\Debugger.php:753
2018-07-18 06:53:01 Error: [Error] Call to undefined method App\Controller\Api\UsersController::getSiteUrl()
Request URL: /RandhirProject/demo/api/Users/forgotPassword.json
Client IP: 192.168.1.13
Stack Trace:
#0 [internal function]: App\Controller\Api\UsersController->forgotPassword()
#1 E:\xampp\htdocs\RandhirProject\demo\vendor\cakephp\cakephp\src\Controller\Controller.php(435): call_user_func_array(Array, Array)
#2 E:\xampp\htdocs\RandhirProject\demo\vendor\cakephp\cakephp\src\Http\ActionDispatcher.php(122): Cake\Controller\Controller->invokeAction()
#3 E:\xampp\htdocs\RandhirProject\demo\vendor\cakephp\cakephp\src\Http\ActionDispatcher.php(96): Cake\Http\ActionDispatcher->_invoke(Object(App\Controller\Api\UsersController))
#4 E:\xampp\htdocs\RandhirProject\demo\vendor\cakephp\cakephp\src\Http\BaseApplication.php(83): Cake\Http\ActionDispatcher->dispatch(Object(Cake\Network\Request), Object(Cake\Network\Response))
#5 E:\xampp\htdocs\RandhirProject\demo\vendor\cakephp\cakephp\src\Http\Runner.php(65): Cake\Http\BaseApplication->__invoke(Object(Zend\Diactoros\ServerRequest), Object(Zend\Diactoros\Response), Object(Cake\Http\Runner))
#6 E:\xampp\htdocs\RandhirProject\demo\vendor\cakephp\cakephp\src\Routing\Middleware\RoutingMiddleware.php(62): Cake\Http\Runner->__invoke(Object(Zend\Diactoros\ServerRequest), Object(Zend\Diactoros\Response))
#7 E:\xampp\htdocs\RandhirProject\demo\vendor\cakephp\cakephp\src\Http\Runner.php(65): Cake\Routing\Middleware\RoutingMiddleware->__invoke(Object(Zend\Diactoros\ServerRequest), Object(Zend\Diactoros\Response), Object(Cake\Http\Runner))
#8 E:\xampp\htdocs\RandhirProject\demo\vendor\cakephp\cakephp\src\Routing\Middleware\AssetMiddleware.php(93): Cake\Http\Runner->__invoke(Object(Zend\Diactoros\ServerRequest), Object(Zend\Diactoros\Response))
#9 E:\xampp\htdocs\RandhirProject\demo\vendor\cakephp\cakephp\src\Http\Runner.php(65): Cake\Routing\Middleware\AssetMiddleware->__invoke(Object(Zend\Diactoros\ServerRequest), Object(Zend\Diactoros\Response), Object(Cake\Http\Runner))
#10 E:\xampp\htdocs\RandhirProject\demo\vendor\cakephp\cakephp\src\Error\Middleware\ErrorHandlerMiddleware.php(81): Cake\Http\Runner->__invoke(Object(Zend\Diactoros\ServerRequest), Object(Zend\Diactoros\Response))
#11 E:\xampp\htdocs\RandhirProject\demo\vendor\cakephp\cakephp\src\Http\Runner.php(65): Cake\Error\Middleware\ErrorHandlerMiddleware->__invoke(Object(Zend\Diactoros\ServerRequest), Object(Zend\Diactoros\Response), Object(Cake\Http\Runner))
#12 E:\xampp\htdocs\RandhirProject\demo\vendor\cakephp\cakephp\src\Http\Runner.php(51): Cake\Http\Runner->__invoke(Object(Zend\Diactoros\ServerRequest), Object(Zend\Diactoros\Response))
#13 E:\xampp\htdocs\RandhirProject\demo\vendor\cakephp\cakephp\src\Http\Server.php(92): Cake\Http\Runner->run(Object(Cake\Http\MiddlewareQueue), Object(Zend\Diactoros\ServerRequest), Object(Zend\Diactoros\Response))
#14 E:\xampp\htdocs\RandhirProject\demo\webroot\index.php(37): Cake\Http\Server->run()
#15 {main}


2018-07-18 06:54:15 Error: [Error] Class 'App\Controller\Api\Router' not found
Request URL: /RandhirProject/demo/api/Users/forgotPassword.json
Client IP: 192.168.1.13
Stack Trace:
#0 E:\xampp\htdocs\RandhirProject\demo\src\Controller\Api\UsersController.php(122): App\Controller\Api\AppController->getSiteUrl()
#1 [internal function]: App\Controller\Api\UsersController->forgotPassword()
#2 E:\xampp\htdocs\RandhirProject\demo\vendor\cakephp\cakephp\src\Controller\Controller.php(435): call_user_func_array(Array, Array)
#3 E:\xampp\htdocs\RandhirProject\demo\vendor\cakephp\cakephp\src\Http\ActionDispatcher.php(122): Cake\Controller\Controller->invokeAction()
#4 E:\xampp\htdocs\RandhirProject\demo\vendor\cakephp\cakephp\src\Http\ActionDispatcher.php(96): Cake\Http\ActionDispatcher->_invoke(Object(App\Controller\Api\UsersController))
#5 E:\xampp\htdocs\RandhirProject\demo\vendor\cakephp\cakephp\src\Http\BaseApplication.php(83): Cake\Http\ActionDispatcher->dispatch(Object(Cake\Network\Request), Object(Cake\Network\Response))
#6 E:\xampp\htdocs\RandhirProject\demo\vendor\cakephp\cakephp\src\Http\Runner.php(65): Cake\Http\BaseApplication->__invoke(Object(Zend\Diactoros\ServerRequest), Object(Zend\Diactoros\Response), Object(Cake\Http\Runner))
#7 E:\xampp\htdocs\RandhirProject\demo\vendor\cakephp\cakephp\src\Routing\Middleware\RoutingMiddleware.php(62): Cake\Http\Runner->__invoke(Object(Zend\Diactoros\ServerRequest), Object(Zend\Diactoros\Response))
#8 E:\xampp\htdocs\RandhirProject\demo\vendor\cakephp\cakephp\src\Http\Runner.php(65): Cake\Routing\Middleware\RoutingMiddleware->__invoke(Object(Zend\Diactoros\ServerRequest), Object(Zend\Diactoros\Response), Object(Cake\Http\Runner))
#9 E:\xampp\htdocs\RandhirProject\demo\vendor\cakephp\cakephp\src\Routing\Middleware\AssetMiddleware.php(93): Cake\Http\Runner->__invoke(Object(Zend\Diactoros\ServerRequest), Object(Zend\Diactoros\Response))
#10 E:\xampp\htdocs\RandhirProject\demo\vendor\cakephp\cakephp\src\Http\Runner.php(65): Cake\Routing\Middleware\AssetMiddleware->__invoke(Object(Zend\Diactoros\ServerRequest), Object(Zend\Diactoros\Response), Object(Cake\Http\Runner))
#11 E:\xampp\htdocs\RandhirProject\demo\vendor\cakephp\cakephp\src\Error\Middleware\ErrorHandlerMiddleware.php(81): Cake\Http\Runner->__invoke(Object(Zend\Diactoros\ServerRequest), Object(Zend\Diactoros\Response))
#12 E:\xampp\htdocs\RandhirProject\demo\vendor\cakephp\cakephp\src\Http\Runner.php(65): Cake\Error\Middleware\ErrorHandlerMiddleware->__invoke(Object(Zend\Diactoros\ServerRequest), Object(Zend\Diactoros\Response), Object(Cake\Http\Runner))
#13 E:\xampp\htdocs\RandhirProject\demo\vendor\cakephp\cakephp\src\Http\Runner.php(51): Cake\Http\Runner->__invoke(Object(Zend\Diactoros\ServerRequest), Object(Zend\Diactoros\Response))
#14 E:\xampp\htdocs\RandhirProject\demo\vendor\cakephp\cakephp\src\Http\Server.php(92): Cake\Http\Runner->run(Object(Cake\Http\MiddlewareQueue), Object(Zend\Diactoros\ServerRequest), Object(Zend\Diactoros\Response))
#15 E:\xampp\htdocs\RandhirProject\demo\webroot\index.php(37): Cake\Http\Server->run()
#16 {main}


2018-07-18 06:55:34 Error: [Cake\View\Exception\MissingTemplateException] Template file "Email\html\account_reset_password_email_template.ctp" is missing.
Exception Attributes: array (
  'file' => 'Email\\html\\account_reset_password_email_template.ctp',
)
Request URL: /api/Users/forgotPassword.json
Stack Trace:
#0 E:\xampp\htdocs\RandhirProject\demo\vendor\cakephp\cakephp\src\View\View.php(593): Cake\View\View->_getViewFileName('Email\\html\\acco...')
#1 E:\xampp\htdocs\RandhirProject\demo\vendor\cakephp\cakephp\src\Mailer\Email.php(1917): Cake\View\View->render()
#2 E:\xampp\htdocs\RandhirProject\demo\vendor\cakephp\cakephp\src\Mailer\Email.php(1783): Cake\Mailer\Email->_renderTemplates('')
#3 E:\xampp\htdocs\RandhirProject\demo\vendor\cakephp\cakephp\src\Mailer\Email.php(1336): Cake\Mailer\Email->_render('')
#4 E:\xampp\htdocs\RandhirProject\demo\src\Controller\Api\AppController.php(74): Cake\Mailer\Email->send()
#5 E:\xampp\htdocs\RandhirProject\demo\src\Controller\Api\UsersController.php(123): App\Controller\Api\AppController->sent_email('randhirjha2212@...', Array)
#6 [internal function]: App\Controller\Api\UsersController->forgotPassword()
#7 E:\xampp\htdocs\RandhirProject\demo\vendor\cakephp\cakephp\src\Controller\Controller.php(435): call_user_func_array(Array, Array)
#8 E:\xampp\htdocs\RandhirProject\demo\vendor\cakephp\cakephp\src\Http\ActionDispatcher.php(122): Cake\Controller\Controller->invokeAction()
#9 E:\xampp\htdocs\RandhirProject\demo\vendor\cakephp\cakephp\src\Http\ActionDispatcher.php(96): Cake\Http\ActionDispatcher->_invoke(Object(App\Controller\Api\UsersController))
#10 E:\xampp\htdocs\RandhirProject\demo\vendor\cakephp\cakephp\src\Http\BaseApplication.php(83): Cake\Http\ActionDispatcher->dispatch(Object(Cake\Network\Request), Object(Cake\Network\Response))
#11 E:\xampp\htdocs\RandhirProject\demo\vendor\cakephp\cakephp\src\Http\Runner.php(65): Cake\Http\BaseApplication->__invoke(Object(Zend\Diactoros\ServerRequest), Object(Zend\Diactoros\Response), Object(Cake\Http\Runner))
#12 E:\xampp\htdocs\RandhirProject\demo\vendor\cakephp\cakephp\src\Routing\Middleware\RoutingMiddleware.php(62): Cake\Http\Runner->__invoke(Object(Zend\Diactoros\ServerRequest), Object(Zend\Diactoros\Response))
#13 E:\xampp\htdocs\RandhirProject\demo\vendor\cakephp\cakephp\src\Http\Runner.php(65): Cake\Routing\Middleware\RoutingMiddleware->__invoke(Object(Zend\Diactoros\ServerRequest), Object(Zend\Diactoros\Response), Object(Cake\Http\Runner))
#14 E:\xampp\htdocs\RandhirProject\demo\vendor\cakephp\cakephp\src\Routing\Middleware\AssetMiddleware.php(93): Cake\Http\Runner->__invoke(Object(Zend\Diactoros\ServerRequest), Object(Zend\Diactoros\Response))
#15 E:\xampp\htdocs\RandhirProject\demo\vendor\cakephp\cakephp\src\Http\Runner.php(65): Cake\Routing\Middleware\AssetMiddleware->__invoke(Object(Zend\Diactoros\ServerRequest), Object(Zend\Diactoros\Response), Object(Cake\Http\Runner))
#16 E:\xampp\htdocs\RandhirProject\demo\vendor\cakephp\cakephp\src\Error\Middleware\ErrorHandlerMiddleware.php(81): Cake\Http\Runner->__invoke(Object(Zend\Diactoros\ServerRequest), Object(Zend\Diactoros\Response))
#17 E:\xampp\htdocs\RandhirProject\demo\vendor\cakephp\cakephp\src\Http\Runner.php(65): Cake\Error\Middleware\ErrorHandlerMiddleware->__invoke(Object(Zend\Diactoros\ServerRequest), Object(Zend\Diactoros\Response), Object(Cake\Http\Runner))
#18 E:\xampp\htdocs\RandhirProject\demo\vendor\cakephp\cakephp\src\Http\Runner.php(51): Cake\Http\Runner->__invoke(Object(Zend\Diactoros\ServerRequest), Object(Zend\Diactoros\Response))
#19 E:\xampp\htdocs\RandhirProject\demo\vendor\cakephp\cakephp\src\Http\Server.php(92): Cake\Http\Runner->run(Object(Cake\Http\MiddlewareQueue), Object(Zend\Diactoros\ServerRequest), Object(Zend\Diactoros\Response))
#20 E:\xampp\htdocs\RandhirProject\demo\webroot\index.php(37): Cake\Http\Server->run()
#21 {main}


2018-07-18 09:37:46 Warning: Headers already sent in E:\xampp\htdocs\RandhirProject\demo\vendor\cakephp\cakephp\src\Error\Debugger.php:753
2018-07-18 09:37:46 Error: [TypeError] Argument 1 passed to Cake\ORM\Table::patchEntity() must implement interface Cake\Datasource\EntityInterface, null given, called in E:\xampp\htdocs\RandhirProject\demo\src\Controller\Api\JobsController.php on line 74
Request URL: /RandhirProject/demo/api/Jobs/addImages.json
Client IP: 192.168.1.13
Stack Trace:
#0 E:\xampp\htdocs\RandhirProject\demo\src\Controller\Api\JobsController.php(74): Cake\ORM\Table->patchEntity(NULL, Array)
#1 [internal function]: App\Controller\Api\JobsController->addImages()
#2 E:\xampp\htdocs\RandhirProject\demo\vendor\cakephp\cakephp\src\Controller\Controller.php(435): call_user_func_array(Array, Array)
#3 E:\xampp\htdocs\RandhirProject\demo\vendor\cakephp\cakephp\src\Http\ActionDispatcher.php(122): Cake\Controller\Controller->invokeAction()
#4 E:\xampp\htdocs\RandhirProject\demo\vendor\cakephp\cakephp\src\Http\ActionDispatcher.php(96): Cake\Http\ActionDispatcher->_invoke(Object(App\Controller\Api\JobsController))
#5 E:\xampp\htdocs\RandhirProject\demo\vendor\cakephp\cakephp\src\Http\BaseApplication.php(83): Cake\Http\ActionDispatcher->dispatch(Object(Cake\Network\Request), Object(Cake\Network\Response))
#6 E:\xampp\htdocs\RandhirProject\demo\vendor\cakephp\cakephp\src\Http\Runner.php(65): Cake\Http\BaseApplication->__invoke(Object(Zend\Diactoros\ServerRequest), Object(Zend\Diactoros\Response), Object(Cake\Http\Runner))
#7 E:\xampp\htdocs\RandhirProject\demo\vendor\cakephp\cakephp\src\Routing\Middleware\RoutingMiddleware.php(62): Cake\Http\Runner->__invoke(Object(Zend\Diactoros\ServerRequest), Object(Zend\Diactoros\Response))
#8 E:\xampp\htdocs\RandhirProject\demo\vendor\cakephp\cakephp\src\Http\Runner.php(65): Cake\Routing\Middleware\RoutingMiddleware->__invoke(Object(Zend\Diactoros\ServerRequest), Object(Zend\Diactoros\Response), Object(Cake\Http\Runner))
#9 E:\xampp\htdocs\RandhirProject\demo\vendor\cakephp\cakephp\src\Routing\Middleware\AssetMiddleware.php(93): Cake\Http\Runner->__invoke(Object(Zend\Diactoros\ServerRequest), Object(Zend\Diactoros\Response))
#10 E:\xampp\htdocs\RandhirProject\demo\vendor\cakephp\cakephp\src\Http\Runner.php(65): Cake\Routing\Middleware\AssetMiddleware->__invoke(Object(Zend\Diactoros\ServerRequest), Object(Zend\Diactoros\Response), Object(Cake\Http\Runner))
#11 E:\xampp\htdocs\RandhirProject\demo\vendor\cakephp\cakephp\src\Error\Middleware\ErrorHandlerMiddleware.php(81): Cake\Http\Runner->__invoke(Object(Zend\Diactoros\ServerRequest), Object(Zend\Diactoros\Response))
#12 E:\xampp\htdocs\RandhirProject\demo\vendor\cakephp\cakephp\src\Http\Runner.php(65): Cake\Error\Middleware\ErrorHandlerMiddleware->__invoke(Object(Zend\Diactoros\ServerRequest), Object(Zend\Diactoros\Response), Object(Cake\Http\Runner))
#13 E:\xampp\htdocs\RandhirProject\demo\vendor\cakephp\cakephp\src\Http\Runner.php(51): Cake\Http\Runner->__invoke(Object(Zend\Diactoros\ServerRequest), Object(Zend\Diactoros\Response))
#14 E:\xampp\htdocs\RandhirProject\demo\vendor\cakephp\cakephp\src\Http\Server.php(92): Cake\Http\Runner->run(Object(Cake\Http\MiddlewareQueue), Object(Zend\Diactoros\ServerRequest), Object(Zend\Diactoros\Response))
#15 E:\xampp\htdocs\RandhirProject\demo\webroot\index.php(37): Cake\Http\Server->run()
#16 {main}


